<?xml version="1.0" encoding="UTF-8"?>
<testsuite xmlns:xsi="http://www.w3.org/2001/XMLSchema-instance" xsi:schemaLocation="https://maven.apache.org/surefire/maven-surefire-plugin/xsd/surefire-test-report.xsd" name="TestSuite" time="0.43" tests="7" errors="0" skipped="6" failures="1">
  <properties>
    <property name="java.runtime.name" value="Java(TM) SE Runtime Environment"/>
    <property name="java.vm.version" value="11+28"/>
    <property name="sun.boot.library.path" value="C:\Program Files\Java\jdk-11\bin"/>
    <property name="maven.multiModuleProjectDirectory" value="D:\eclipse\qq"/>
    <property name="java.vm.vendor" value="Oracle Corporation"/>
    <property name="java.vendor.url" value="http://java.oracle.com/"/>
    <property name="guice.disable.misplaced.annotation.check" value="true"/>
    <property name="path.separator" value=";"/>
    <property name="java.vm.name" value="Java HotSpot(TM) 64-Bit Server VM"/>
    <property name="sun.os.patch.level" value=""/>
    <property name="user.script" value=""/>
    <property name="user.country" value="CN"/>
    <property name="sun.java.launcher" value="SUN_STANDARD"/>
    <property name="java.vm.specification.name" value="Java Virtual Machine Specification"/>
    <property name="user.dir" value="D:\eclipse\qq"/>
    <property name="java.vm.compressedOopsMode" value="32-bit"/>
    <property name="java.runtime.version" value="11+28"/>
    <property name="java.awt.graphicsenv" value="sun.awt.Win32GraphicsEnvironment"/>
    <property name="basedir" value="D:\eclipse\qq"/>
    <property name="os.arch" value="amd64"/>
    <property name="java.io.tmpdir" value="C:\Users\weiwei\AppData\Local\Temp\"/>
    <property name="line.separator" value="&#10;"/>
    <property name="java.vm.specification.vendor" value="Oracle Corporation"/>
    <property name="user.variant" value=""/>
    <property name="os.name" value="Windows 10"/>
    <property name="classworlds.conf" value="D:\eclipse\.metadata\.plugins\org.eclipse.m2e.launching\launches\m2conf2051006605666131533.tmp"/>
    <property name="sun.jnu.encoding" value="GBK"/>
    <property name="java.library.path" value="C:\Program Files\Java\jdk-11\bin;C:\WINDOWS\Sun\Java\bin;C:\WINDOWS\system32;C:\WINDOWS;C:/Program Files/Java/jre1.8.0_211/bin/server;C:/Program Files/Java/jre1.8.0_211/bin;C:/Program Files/Java/jre1.8.0_211/lib/amd64;C:\Program Files (x86)\Common Files\Oracle\Java\javapath;E:\install_software\anaconda;E:\install_software\anaconda\Library\mingw-w64\bin;E:\install_software\anaconda\Library\usr\bin;E:\install_software\anaconda\Library\bin;E:\install_software\anaconda\Scripts;C:\Program Files (x86)\Intel\iCLS Client\;C:\Program Files\Intel\iCLS Client\;C:\Windows\system32;C:\Windows;C:\Windows\System32\Wbem;C:\Windows\System32\WindowsPowerShell\v1.0\;C:\Program Files (x86)\NVIDIA Corporation\PhysX\Common;C:\Program Files (x86)\Intel\Intel(R) Management Engine Components\DAL;C:\Program Files\Intel\Intel(R) Management Engine Components\DAL;C:\Program Files (x86)\Intel\Intel(R) Management Engine Components\IPT;C:\Program Files\Intel\Intel(R) Management Engine Components\IPT;D:\MATLAB2017\matlab\runtime\win64;D:\MATLAB2017\matlab\bin;C:\WINDOWS\system32;C:\WINDOWS;C:\WINDOWS\System32\Wbem;C:\WINDOWS\System32\WindowsPowerShell\v1.0\;C:\WINDOWS\System32\OpenSSH\;C:\Program Files\Java\jdk-11\bin;E:\测试软件\SVN\bin;E:\测试软件\firefox;E:\appium\androidsdk\tools;E:\appium\androidsdk\platform-tools;D:\Program Files\Nox\bin;E:\appium\apache-maven-3.6.3-bin\apache-maven-3.6.3\bin;C:\Users\weiwei\AppData\Local\Microsoft\WindowsApps;C:\Program Files\Bandizip\;E:\install_software\Microsoft VS Code\bin;C:\Program Files\Java\jdk-11\bin;C:\Program Files\Java\jdk-11\jre\bin;;C:\Users\weiwei\Desktop;;."/>
    <property name="surefire.test.class.path" value="D:\eclipse\qq\target\test-classes;D:\eclipse\qq\target\classes;E:\appium\apache-maven-3.6.3-bin\apache-maven-3.6.3\junit\junit\4.11\junit-4.11.jar;E:\appium\apache-maven-3.6.3-bin\apache-maven-3.6.3\org\hamcrest\hamcrest-core\1.3\hamcrest-core-1.3.jar;E:\appium\apache-maven-3.6.3-bin\apache-maven-3.6.3\org\seleniumhq\selenium\selenium-java\3.141.59\selenium-java-3.141.59.jar;E:\appium\apache-maven-3.6.3-bin\apache-maven-3.6.3\org\seleniumhq\selenium\selenium-chrome-driver\3.141.59\selenium-chrome-driver-3.141.59.jar;E:\appium\apache-maven-3.6.3-bin\apache-maven-3.6.3\org\seleniumhq\selenium\selenium-edge-driver\3.141.59\selenium-edge-driver-3.141.59.jar;E:\appium\apache-maven-3.6.3-bin\apache-maven-3.6.3\org\seleniumhq\selenium\selenium-firefox-driver\3.141.59\selenium-firefox-driver-3.141.59.jar;E:\appium\apache-maven-3.6.3-bin\apache-maven-3.6.3\org\seleniumhq\selenium\selenium-ie-driver\3.141.59\selenium-ie-driver-3.141.59.jar;E:\appium\apache-maven-3.6.3-bin\apache-maven-3.6.3\org\seleniumhq\selenium\selenium-opera-driver\3.141.59\selenium-opera-driver-3.141.59.jar;E:\appium\apache-maven-3.6.3-bin\apache-maven-3.6.3\org\seleniumhq\selenium\selenium-remote-driver\3.141.59\selenium-remote-driver-3.141.59.jar;E:\appium\apache-maven-3.6.3-bin\apache-maven-3.6.3\org\seleniumhq\selenium\selenium-safari-driver\3.141.59\selenium-safari-driver-3.141.59.jar;E:\appium\apache-maven-3.6.3-bin\apache-maven-3.6.3\org\seleniumhq\selenium\selenium-support\3.141.59\selenium-support-3.141.59.jar;E:\appium\apache-maven-3.6.3-bin\apache-maven-3.6.3\net\bytebuddy\byte-buddy\1.8.15\byte-buddy-1.8.15.jar;E:\appium\apache-maven-3.6.3-bin\apache-maven-3.6.3\org\apache\commons\commons-exec\1.3\commons-exec-1.3.jar;E:\appium\apache-maven-3.6.3-bin\apache-maven-3.6.3\com\google\guava\guava\25.0-jre\guava-25.0-jre.jar;E:\appium\apache-maven-3.6.3-bin\apache-maven-3.6.3\com\google\code\findbugs\jsr305\1.3.9\jsr305-1.3.9.jar;E:\appium\apache-maven-3.6.3-bin\apache-maven-3.6.3\org\checkerframework\checker-compat-qual\2.0.0\checker-compat-qual-2.0.0.jar;E:\appium\apache-maven-3.6.3-bin\apache-maven-3.6.3\com\google\errorprone\error_prone_annotations\2.1.3\error_prone_annotations-2.1.3.jar;E:\appium\apache-maven-3.6.3-bin\apache-maven-3.6.3\com\google\j2objc\j2objc-annotations\1.1\j2objc-annotations-1.1.jar;E:\appium\apache-maven-3.6.3-bin\apache-maven-3.6.3\org\codehaus\mojo\animal-sniffer-annotations\1.14\animal-sniffer-annotations-1.14.jar;E:\appium\apache-maven-3.6.3-bin\apache-maven-3.6.3\com\squareup\okhttp3\okhttp\3.11.0\okhttp-3.11.0.jar;E:\appium\apache-maven-3.6.3-bin\apache-maven-3.6.3\com\squareup\okio\okio\1.14.0\okio-1.14.0.jar;E:\appium\apache-maven-3.6.3-bin\apache-maven-3.6.3\org\seleniumhq\selenium\selenium-api\3.141.59\selenium-api-3.141.59.jar;E:\appium\apache-maven-3.6.3-bin\apache-maven-3.6.3\org\seleniumhq\selenium\selenium-server-standalone\2.53.0\selenium-server-standalone-2.53.0.jar;E:\appium\apache-maven-3.6.3-bin\apache-maven-3.6.3\io\appium\java-client\7.3.0\java-client-7.3.0.jar;E:\appium\apache-maven-3.6.3-bin\apache-maven-3.6.3\com\google\code\gson\gson\2.8.5\gson-2.8.5.jar;E:\appium\apache-maven-3.6.3-bin\apache-maven-3.6.3\org\apache\httpcomponents\httpclient\4.5.9\httpclient-4.5.9.jar;E:\appium\apache-maven-3.6.3-bin\apache-maven-3.6.3\org\apache\httpcomponents\httpcore\4.4.11\httpcore-4.4.11.jar;E:\appium\apache-maven-3.6.3-bin\apache-maven-3.6.3\commons-logging\commons-logging\1.2\commons-logging-1.2.jar;E:\appium\apache-maven-3.6.3-bin\apache-maven-3.6.3\commons-codec\commons-codec\1.11\commons-codec-1.11.jar;E:\appium\apache-maven-3.6.3-bin\apache-maven-3.6.3\cglib\cglib\3.2.12\cglib-3.2.12.jar;E:\appium\apache-maven-3.6.3-bin\apache-maven-3.6.3\org\ow2\asm\asm\7.1\asm-7.1.jar;E:\appium\apache-maven-3.6.3-bin\apache-maven-3.6.3\commons-validator\commons-validator\1.6\commons-validator-1.6.jar;E:\appium\apache-maven-3.6.3-bin\apache-maven-3.6.3\commons-beanutils\commons-beanutils\1.9.2\commons-beanutils-1.9.2.jar;E:\appium\apache-maven-3.6.3-bin\apache-maven-3.6.3\commons-digester\commons-digester\1.8.1\commons-digester-1.8.1.jar;E:\appium\apache-maven-3.6.3-bin\apache-maven-3.6.3\commons-collections\commons-collections\3.2.2\commons-collections-3.2.2.jar;E:\appium\apache-maven-3.6.3-bin\apache-maven-3.6.3\org\apache\commons\commons-lang3\3.9\commons-lang3-3.9.jar;E:\appium\apache-maven-3.6.3-bin\apache-maven-3.6.3\commons-io\commons-io\2.6\commons-io-2.6.jar;E:\appium\apache-maven-3.6.3-bin\apache-maven-3.6.3\org\springframework\spring-context\5.1.8.RELEASE\spring-context-5.1.8.RELEASE.jar;E:\appium\apache-maven-3.6.3-bin\apache-maven-3.6.3\org\springframework\spring-aop\5.1.8.RELEASE\spring-aop-5.1.8.RELEASE.jar;E:\appium\apache-maven-3.6.3-bin\apache-maven-3.6.3\org\springframework\spring-beans\5.1.8.RELEASE\spring-beans-5.1.8.RELEASE.jar;E:\appium\apache-maven-3.6.3-bin\apache-maven-3.6.3\org\springframework\spring-core\5.1.8.RELEASE\spring-core-5.1.8.RELEASE.jar;E:\appium\apache-maven-3.6.3-bin\apache-maven-3.6.3\org\springframework\spring-jcl\5.1.8.RELEASE\spring-jcl-5.1.8.RELEASE.jar;E:\appium\apache-maven-3.6.3-bin\apache-maven-3.6.3\org\springframework\spring-expression\5.1.8.RELEASE\spring-expression-5.1.8.RELEASE.jar;E:\appium\apache-maven-3.6.3-bin\apache-maven-3.6.3\org\aspectj\aspectjweaver\1.9.4\aspectjweaver-1.9.4.jar;E:\appium\apache-maven-3.6.3-bin\apache-maven-3.6.3\org\slf4j\slf4j-api\1.7.26\slf4j-api-1.7.26.jar;E:\appium\apache-maven-3.6.3-bin\apache-maven-3.6.3\org\testng\testng\6.14.3\testng-6.14.3.jar;E:\appium\apache-maven-3.6.3-bin\apache-maven-3.6.3\com\beust\jcommander\1.72\jcommander-1.72.jar;E:\appium\apache-maven-3.6.3-bin\apache-maven-3.6.3\org\apache-extras\beanshell\bsh\2.0b6\bsh-2.0b6.jar;E:\appium\apache-maven-3.6.3-bin\apache-maven-3.6.3\net\sourceforge\javacsv\javacsv\2.0\javacsv-2.0.jar;E:\appium\apache-maven-3.6.3-bin\apache-maven-3.6.3\log4j\log4j\1.2.17\log4j-1.2.17.jar;E:\appium\apache-maven-3.6.3-bin\apache-maven-3.6.3\org\uncommons\reportng\1.1.4\reportng-1.1.4.jar;E:\appium\apache-maven-3.6.3-bin\apache-maven-3.6.3\velocity\velocity\1.4\velocity-1.4.jar;E:\appium\apache-maven-3.6.3-bin\apache-maven-3.6.3\velocity\velocity-dep\1.4\velocity-dep-1.4.jar;E:\appium\apache-maven-3.6.3-bin\apache-maven-3.6.3\com\google\inject\guice\3.0\guice-3.0.jar;E:\appium\apache-maven-3.6.3-bin\apache-maven-3.6.3\javax\inject\javax.inject\1\javax.inject-1.jar;E:\appium\apache-maven-3.6.3-bin\apache-maven-3.6.3\aopalliance\aopalliance\1.0\aopalliance-1.0.jar;E:\appium\apache-maven-3.6.3-bin\apache-maven-3.6.3\org\apache\maven\surefire\surefire-testng-utils\2.19.1\surefire-testng-utils-2.19.1.jar;E:\appium\apache-maven-3.6.3-bin\apache-maven-3.6.3\org\apache\maven\surefire\surefire-grouper\2.19.1\surefire-grouper-2.19.1.jar;"/>
    <property name="jdk.debug" value="release"/>
    <property name="java.class.version" value="55.0"/>
    <property name="java.specification.name" value="Java Platform API Specification"/>
    <property name="sun.management.compiler" value="HotSpot 64-Bit Tiered Compilers"/>
    <property name="os.version" value="10.0"/>
    <property name="user.home" value="C:\Users\weiwei"/>
    <property name="user.timezone" value="Asia/Shanghai"/>
    <property name="java.awt.printerjob" value="sun.awt.windows.WPrinterJob"/>
    <property name="file.encoding" value="GBK"/>
    <property name="java.specification.version" value="11"/>
    <property name="user.name" value="weiwei"/>
    <property name="java.class.path" value="C:\Users\weiwei\.p2\pool\plugins\org.eclipse.m2e.maven.runtime_1.9.1.20180912-1600\jars\plexus-classworlds-2.5.2.jar"/>
    <property name="java.vm.specification.version" value="11"/>
    <property name="sun.arch.data.model" value="64"/>
    <property name="sun.java.command" value="org.codehaus.plexus.classworlds.launcher.Launcher -B -gs E:\appium\apache-maven-3.6.3-bin\apache-maven-3.6.3\conf\settings.xml test"/>
    <property name="java.home" value="C:\Program Files\Java\jdk-11"/>
    <property name="user.language" value="zh"/>
    <property name="java.specification.vendor" value="Oracle Corporation"/>
    <property name="awt.toolkit" value="sun.awt.windows.WToolkit"/>
    <property name="java.vm.info" value="mixed mode"/>
    <property name="java.version" value="11"/>
    <property name="java.vendor" value="Oracle Corporation"/>
    <property name="maven.home" value="D:\eclipse\qq\EMBEDDED"/>
    <property name="localRepository" value="E:\appium\apache-maven-3.6.3-bin\apache-maven-3.6.3"/>
    <property name="file.separator" value="\"/>
    <property name="java.version.date" value="2018-09-25"/>
    <property name="java.vendor.url.bug" value="http://bugreport.java.com/bugreport/"/>
    <property name="sun.io.unicode.encoding" value="UnicodeLittle"/>
    <property name="sun.cpu.endian" value="little"/>
    <property name="java.vendor.version" value="18.9"/>
    <property name="sun.desktop" value="windows"/>
    <property name="sun.cpu.isalist" value="amd64"/>
  </properties>
  <testcase name="startTest" classname="com.cw.test.TestCase" time="0.334">
    <failure message="NodeJS is either not installed or its executable not present in PATH" type="io.appium.java_client.service.local.InvalidServerInstanceException">io.appium.java_client.service.local.InvalidServerInstanceException: NodeJS is either not installed or its executable not present in PATH
</failure>
    <system-err><![CDATA[log4j:WARN No appenders could be found for logger (com.cw.base.BaseActivity).
log4j:WARN Please initialize the log4j system properly.
log4j:WARN See http://logging.apache.org/log4j/1.2/faq.html#noconfig for more info.
SLF4J: Failed to load class "org.slf4j.impl.StaticLoggerBinder".
SLF4J: Defaulting to no-operation (NOP) logger implementation
SLF4J: See http://www.slf4j.org/codes.html#StaticLoggerBinder for further details.
]]></system-err>
  </testcase>
  <testcase name="test1" classname="com.cw.test.TestCase" time="0">
    <skipped/>
  </testcase>
  <testcase name="test2" classname="com.cw.test.TestCase" time="0">
    <skipped/>
  </testcase>
  <testcase name="test3" classname="com.cw.test.TestCase" time="0">
    <skipped/>
  </testcase>
  <testcase name="test4" classname="com.cw.test.TestCase" time="0">
    <skipped/>
  </testcase>
  <testcase name="test5" classname="com.cw.test.TestCase" time="0">
    <skipped/>
  </testcase>
  <testcase name="endTest" classname="com.cw.test.TestCase" time="0">
    <skipped/>
  </testcase>
</testsuite>