<?xml version="1.0" encoding="UTF-8"?>
<!-- Generated by org.testng.reporters.JUnitReportReporter -->
<testsuite hostname="LAPTOP-HJ6905B3" failures="0" tests="5" name="com.cw.test.TestCase" time="30.124" errors="0" timestamp="2021-01-07T12:09:24 CST" skipped="1">
  <testcase classname="com.cw.test.TestCase" name="test2" time="1.069"/>
  <system-out/>
  <testcase classname="com.cw.test.TestCase" name="test4" time="10.219"/>
  <system-out/>
  <testcase classname="com.cw.test.TestCase" name="test1" time="3.693"/>
  <system-out/>
  <testcase classname="com.cw.test.TestCase" name="test3" time="15.143"/>
  <system-out/>
  <testcase classname="com.cw.test.TestCase" name="test5">
    <skipped/>
  </testcase> <!-- test5 -->
  <system-out/>
</testsuite> <!-- com.cw.test.TestCase -->
